TN:
SF:src/services/averageRent.ts
FN:19,calculateAverageRentByRegion
FN:20,(anonymous_1)
FN:21,(anonymous_2)
FNF:3
FNH:3
FNDA:2,calculateAverageRentByRegion
FNDA:6,(anonymous_1)
FNDA:2,(anonymous_2)
DA:19,8
DA:20,6
DA:21,2
DA:23,2
DA:24,1
DA:27,1
LF:6
LH:6
BRDA:23,0,0,1
BRF:1
BRH:1
end_of_record
TN:
SF:src/services/csvReader.ts
FN:15,readCSV
FN:16,(anonymous_2)
FN:20,(anonymous_3)
FN:21,(anonymous_4)
FNF:4
FNH:4
FNDA:4,readCSV
FNDA:4,(anonymous_2)
FNDA:351,(anonymous_3)
FNDA:3,(anonymous_4)
DA:1,8
DA:2,8
DA:15,8
DA:16,4
DA:17,4
DA:18,4
DA:20,351
DA:21,3
LF:8
LH:8
BRF:0
BRH:0
end_of_record
TN:
SF:src/services/outputFormatter.ts
FN:14,formatOutput
FN:15,(anonymous_1)
FNF:2
FNH:2
FNDA:1,formatOutput
FNDA:2,(anonymous_1)
DA:14,8
DA:15,1
DA:16,2
DA:17,2
LF:4
LH:4
BRF:0
BRH:0
end_of_record
TN:
SF:src/services/postcodeValidator.ts
FN:13,validatePostcodes
FN:17,(anonymous_1)
FNF:2
FNH:2
FNDA:3,validatePostcodes
FNDA:103,(anonymous_1)
DA:13,8
DA:14,3
DA:15,3
DA:17,3
DA:18,103
DA:19,4
DA:20,4
DA:24,3
LF:8
LH:8
BRDA:18,0,0,4
BRF:1
BRH:1
end_of_record
TN:
SF:src/services/propertyFilter.ts
FN:15,filterProperties
FN:16,(anonymous_1)
FN:17,(anonymous_2)
FNF:3
FNH:3
FNDA:2,filterProperties
FNDA:6,(anonymous_1)
FNDA:8,(anonymous_2)
DA:16,2
DA:17,6
DA:18,8
DA:23,8
LF:4
LH:4
BRF:0
BRH:0
end_of_record
TN:
SF:src/services/propertyStatus.ts
FN:19,getPropertyStatus
FNF:1
FNH:1
FNDA:4,getPropertyStatus
DA:19,8
DA:20,4
DA:21,4
DA:23,4
DA:24,1
DA:25,3
DA:26,1
DA:27,2
DA:28,1
DA:29,1
DA:30,1
DA:33,0
LF:12
LH:11
BRDA:23,0,0,1
BRDA:23,0,1,3
BRDA:25,1,0,1
BRDA:25,1,1,2
BRDA:25,2,0,3
BRDA:25,2,1,1
BRDA:27,3,0,1
BRDA:27,3,1,1
BRDA:27,4,0,2
BRDA:27,4,1,2
BRDA:29,5,0,1
BRF:11
BRH:11
end_of_record
TN:
SF:src/services/rentPerTenant.ts
FN:16,calculateRentPerTenant
FNF:1
FNH:1
FNDA:3,calculateRentPerTenant
DA:16,8
DA:17,3
DA:18,1
DA:21,2
DA:22,2
LF:5
LH:5
BRDA:16,0,0,2
BRDA:17,1,0,1
BRDA:22,2,0,1
BRDA:22,2,1,1
BRF:4
BRH:4
end_of_record
